{"E:\\meus_modulos\\conversor\\index.js": {"path":"E:\\meus_modulos\\conversor\\index.js","statementMap":{"0":{"start":{"line":1,"column":11},"end":{"line":1,"column":24}},"1":{"start":{"line":2,"column":17},"end":{"line":2,"column":36}},"2":{"start":{"line":3,"column":11},"end":{"line":3,"column":24}},"3":{"start":{"line":4,"column":20},"end":{"line":4,"column":39}},"4":{"start":{"line":23,"column":0},"end":{"line":253,"column":2}},"5":{"start":{"line":33,"column":4},"end":{"line":35,"column":5}},"6":{"start":{"line":34,"column":8},"end":{"line":34,"column":44}},"7":{"start":{"line":36,"column":4},"end":{"line":38,"column":5}},"8":{"start":{"line":37,"column":8},"end":{"line":37,"column":49}},"9":{"start":{"line":39,"column":4},"end":{"line":41,"column":5}},"10":{"start":{"line":40,"column":8},"end":{"line":40,"column":48}},"11":{"start":{"line":42,"column":4},"end":{"line":42,"column":46}},"12":{"start":{"line":44,"column":4},"end":{"line":250,"column":5}},"13":{"start":{"line":45,"column":8},"end":{"line":53,"column":11}},"14":{"start":{"line":55,"column":26},"end":{"line":55,"column":37}},"15":{"start":{"line":56,"column":25},"end":{"line":56,"column":47}},"16":{"start":{"line":58,"column":12},"end":{"line":58,"column":65}},"17":{"start":{"line":60,"column":8},"end":{"line":60,"column":62}},"18":{"start":{"line":62,"column":8},"end":{"line":62,"column":52}},"19":{"start":{"line":63,"column":8},"end":{"line":63,"column":51}},"20":{"start":{"line":65,"column":8},"end":{"line":75,"column":9}},"21":{"start":{"line":66,"column":12},"end":{"line":66,"column":41}},"22":{"start":{"line":67,"column":12},"end":{"line":67,"column":71}},"23":{"start":{"line":69,"column":12},"end":{"line":74,"column":13}},"24":{"start":{"line":70,"column":16},"end":{"line":73,"column":18}},"25":{"start":{"line":77,"column":27},"end":{"line":79,"column":10}},"26":{"start":{"line":81,"column":24},"end":{"line":81,"column":25}},"27":{"start":{"line":82,"column":29},"end":{"line":82,"column":30}},"28":{"start":{"line":83,"column":24},"end":{"line":83,"column":28}},"29":{"start":{"line":84,"column":26},"end":{"line":84,"column":30}},"30":{"start":{"line":86,"column":28},"end":{"line":89,"column":10}},"31":{"start":{"line":91,"column":8},"end":{"line":102,"column":11}},"32":{"start":{"line":92,"column":12},"end":{"line":92,"column":24}},"33":{"start":{"line":93,"column":12},"end":{"line":101,"column":13}},"34":{"start":{"line":94,"column":16},"end":{"line":100,"column":17}},"35":{"start":{"line":95,"column":20},"end":{"line":95,"column":37}},"36":{"start":{"line":96,"column":23},"end":{"line":100,"column":17}},"37":{"start":{"line":97,"column":20},"end":{"line":97,"column":36}},"38":{"start":{"line":98,"column":23},"end":{"line":100,"column":17}},"39":{"start":{"line":99,"column":20},"end":{"line":99,"column":36}},"40":{"start":{"line":104,"column":8},"end":{"line":243,"column":11}},"41":{"start":{"line":105,"column":12},"end":{"line":108,"column":14}},"42":{"start":{"line":110,"column":12},"end":{"line":115,"column":13}},"43":{"start":{"line":111,"column":16},"end":{"line":111,"column":32}},"44":{"start":{"line":112,"column":16},"end":{"line":114,"column":18}},"45":{"start":{"line":117,"column":12},"end":{"line":117,"column":65}},"46":{"start":{"line":118,"column":12},"end":{"line":121,"column":14}},"47":{"start":{"line":122,"column":12},"end":{"line":122,"column":72}},"48":{"start":{"line":124,"column":24},"end":{"line":132,"column":13}},"49":{"start":{"line":134,"column":25},"end":{"line":134,"column":51}},"50":{"start":{"line":135,"column":27},"end":{"line":135,"column":47}},"51":{"start":{"line":136,"column":12},"end":{"line":141,"column":14}},"52":{"start":{"line":143,"column":44},"end":{"line":145,"column":14}},"53":{"start":{"line":146,"column":23},"end":{"line":149,"column":14}},"54":{"start":{"line":151,"column":24},"end":{"line":151,"column":26}},"55":{"start":{"line":153,"column":12},"end":{"line":190,"column":15}},"56":{"start":{"line":154,"column":16},"end":{"line":154,"column":76}},"57":{"start":{"line":156,"column":16},"end":{"line":156,"column":71}},"58":{"start":{"line":158,"column":16},"end":{"line":169,"column":17}},"59":{"start":{"line":159,"column":20},"end":{"line":165,"column":23}},"60":{"start":{"line":160,"column":24},"end":{"line":164,"column":30}},"61":{"start":{"line":161,"column":28},"end":{"line":164,"column":30}},"62":{"start":{"line":166,"column":20},"end":{"line":166,"column":40}},"63":{"start":{"line":168,"column":20},"end":{"line":168,"column":37}},"64":{"start":{"line":171,"column":16},"end":{"line":189,"column":17}},"65":{"start":{"line":172,"column":43},"end":{"line":172,"column":66}},"66":{"start":{"line":173,"column":20},"end":{"line":179,"column":23}},"67":{"start":{"line":174,"column":24},"end":{"line":178,"column":30}},"68":{"start":{"line":175,"column":28},"end":{"line":178,"column":30}},"69":{"start":{"line":181,"column":20},"end":{"line":181,"column":51}},"70":{"start":{"line":182,"column":20},"end":{"line":182,"column":43}},"71":{"start":{"line":183,"column":20},"end":{"line":183,"column":31}},"72":{"start":{"line":184,"column":20},"end":{"line":184,"column":31}},"73":{"start":{"line":185,"column":20},"end":{"line":187,"column":22}},"74":{"start":{"line":186,"column":24},"end":{"line":186,"column":55}},"75":{"start":{"line":188,"column":20},"end":{"line":188,"column":32}},"76":{"start":{"line":192,"column":12},"end":{"line":238,"column":15}},"77":{"start":{"line":193,"column":16},"end":{"line":205,"column":17}},"78":{"start":{"line":194,"column":43},"end":{"line":194,"column":66}},"79":{"start":{"line":195,"column":20},"end":{"line":201,"column":23}},"80":{"start":{"line":196,"column":24},"end":{"line":200,"column":30}},"81":{"start":{"line":197,"column":28},"end":{"line":200,"column":30}},"82":{"start":{"line":203,"column":20},"end":{"line":203,"column":51}},"83":{"start":{"line":204,"column":20},"end":{"line":204,"column":43}},"84":{"start":{"line":207,"column":16},"end":{"line":207,"column":67}},"85":{"start":{"line":208,"column":16},"end":{"line":211,"column":18}},"86":{"start":{"line":213,"column":39},"end":{"line":213,"column":73}},"87":{"start":{"line":214,"column":43},"end":{"line":216,"column":17}},"88":{"start":{"line":218,"column":16},"end":{"line":218,"column":56}},"89":{"start":{"line":220,"column":16},"end":{"line":222,"column":19}},"90":{"start":{"line":221,"column":20},"end":{"line":221,"column":74}},"91":{"start":{"line":224,"column":16},"end":{"line":226,"column":19}},"92":{"start":{"line":225,"column":20},"end":{"line":225,"column":73}},"93":{"start":{"line":228,"column":16},"end":{"line":230,"column":19}},"94":{"start":{"line":229,"column":20},"end":{"line":229,"column":51}},"95":{"start":{"line":232,"column":16},"end":{"line":235,"column":19}},"96":{"start":{"line":233,"column":20},"end":{"line":233,"column":49}},"97":{"start":{"line":234,"column":20},"end":{"line":234,"column":39}},"98":{"start":{"line":237,"column":16},"end":{"line":237,"column":35}},"99":{"start":{"line":240,"column":12},"end":{"line":242,"column":15}},"100":{"start":{"line":241,"column":16},"end":{"line":241,"column":72}},"101":{"start":{"line":245,"column":8},"end":{"line":247,"column":11}},"102":{"start":{"line":246,"column":12},"end":{"line":246,"column":57}},"103":{"start":{"line":249,"column":8},"end":{"line":249,"column":58}},"104":{"start":{"line":251,"column":4},"end":{"line":251,"column":23}},"105":{"start":{"line":252,"column":4},"end":{"line":252,"column":43}}},"fnMap":{"0":{"name":"(anonymous_0)","decl":{"start":{"line":23,"column":17},"end":{"line":23,"column":18}},"loc":{"start":{"line":32,"column":6},"end":{"line":253,"column":1}},"line":32},"1":{"name":"(anonymous_1)","decl":{"start":{"line":91,"column":31},"end":{"line":91,"column":32}},"loc":{"start":{"line":91,"column":41},"end":{"line":102,"column":9}},"line":91},"2":{"name":"(anonymous_2)","decl":{"start":{"line":104,"column":32},"end":{"line":104,"column":33}},"loc":{"start":{"line":104,"column":44},"end":{"line":243,"column":9}},"line":104},"3":{"name":"(anonymous_3)","decl":{"start":{"line":153,"column":26},"end":{"line":153,"column":27}},"loc":{"start":{"line":153,"column":42},"end":{"line":190,"column":13}},"line":153},"4":{"name":"(anonymous_4)","decl":{"start":{"line":159,"column":62},"end":{"line":159,"column":63}},"loc":{"start":{"line":159,"column":71},"end":{"line":165,"column":21}},"line":159},"5":{"name":"(anonymous_5)","decl":{"start":{"line":173,"column":65},"end":{"line":173,"column":66}},"loc":{"start":{"line":173,"column":74},"end":{"line":179,"column":21}},"line":173},"6":{"name":"(anonymous_6)","decl":{"start":{"line":185,"column":38},"end":{"line":185,"column":39}},"loc":{"start":{"line":186,"column":24},"end":{"line":186,"column":55}},"line":186},"7":{"name":"(anonymous_7)","decl":{"start":{"line":192,"column":27},"end":{"line":192,"column":28}},"loc":{"start":{"line":192,"column":39},"end":{"line":238,"column":13}},"line":192},"8":{"name":"(anonymous_8)","decl":{"start":{"line":195,"column":65},"end":{"line":195,"column":66}},"loc":{"start":{"line":195,"column":74},"end":{"line":201,"column":21}},"line":195},"9":{"name":"(anonymous_9)","decl":{"start":{"line":220,"column":43},"end":{"line":220,"column":44}},"loc":{"start":{"line":220,"column":52},"end":{"line":222,"column":17}},"line":220},"10":{"name":"(anonymous_10)","decl":{"start":{"line":224,"column":47},"end":{"line":224,"column":48}},"loc":{"start":{"line":224,"column":56},"end":{"line":226,"column":17}},"line":224},"11":{"name":"(anonymous_11)","decl":{"start":{"line":228,"column":48},"end":{"line":228,"column":49}},"loc":{"start":{"line":228,"column":54},"end":{"line":230,"column":17}},"line":228},"12":{"name":"(anonymous_12)","decl":{"start":{"line":232,"column":43},"end":{"line":232,"column":44}},"loc":{"start":{"line":232,"column":49},"end":{"line":235,"column":17}},"line":232},"13":{"name":"(anonymous_13)","decl":{"start":{"line":240,"column":27},"end":{"line":240,"column":28}},"loc":{"start":{"line":240,"column":36},"end":{"line":242,"column":13}},"line":240},"14":{"name":"(anonymous_14)","decl":{"start":{"line":245,"column":32},"end":{"line":245,"column":33}},"loc":{"start":{"line":245,"column":41},"end":{"line":247,"column":9}},"line":245}},"branchMap":{"0":{"loc":{"start":{"line":29,"column":4},"end":{"line":29,"column":21}},"type":"default-arg","locations":[{"start":{"line":29,"column":17},"end":{"line":29,"column":21}}],"line":29},"1":{"loc":{"start":{"line":30,"column":4},"end":{"line":30,"column":20}},"type":"default-arg","locations":[{"start":{"line":30,"column":17},"end":{"line":30,"column":20}}],"line":30},"2":{"loc":{"start":{"line":31,"column":4},"end":{"line":31,"column":18}},"type":"default-arg","locations":[{"start":{"line":31,"column":13},"end":{"line":31,"column":18}}],"line":31},"3":{"loc":{"start":{"line":33,"column":4},"end":{"line":35,"column":5}},"type":"if","locations":[{"start":{"line":33,"column":4},"end":{"line":35,"column":5}},{"start":{},"end":{}}],"line":33},"4":{"loc":{"start":{"line":36,"column":4},"end":{"line":38,"column":5}},"type":"if","locations":[{"start":{"line":36,"column":4},"end":{"line":38,"column":5}},{"start":{},"end":{}}],"line":36},"5":{"loc":{"start":{"line":39,"column":4},"end":{"line":41,"column":5}},"type":"if","locations":[{"start":{"line":39,"column":4},"end":{"line":41,"column":5}},{"start":{},"end":{}}],"line":39},"6":{"loc":{"start":{"line":69,"column":12},"end":{"line":74,"column":13}},"type":"if","locations":[{"start":{"line":69,"column":12},"end":{"line":74,"column":13}},{"start":{},"end":{}}],"line":69},"7":{"loc":{"start":{"line":93,"column":12},"end":{"line":101,"column":13}},"type":"if","locations":[{"start":{"line":93,"column":12},"end":{"line":101,"column":13}},{"start":{},"end":{}}],"line":93},"8":{"loc":{"start":{"line":94,"column":16},"end":{"line":100,"column":17}},"type":"if","locations":[{"start":{"line":94,"column":16},"end":{"line":100,"column":17}},{"start":{"line":96,"column":23},"end":{"line":100,"column":17}}],"line":94},"9":{"loc":{"start":{"line":96,"column":23},"end":{"line":100,"column":17}},"type":"if","locations":[{"start":{"line":96,"column":23},"end":{"line":100,"column":17}},{"start":{"line":98,"column":23},"end":{"line":100,"column":17}}],"line":96},"10":{"loc":{"start":{"line":98,"column":23},"end":{"line":100,"column":17}},"type":"if","locations":[{"start":{"line":98,"column":23},"end":{"line":100,"column":17}},{"start":{},"end":{}}],"line":98},"11":{"loc":{"start":{"line":110,"column":12},"end":{"line":115,"column":13}},"type":"if","locations":[{"start":{"line":110,"column":12},"end":{"line":115,"column":13}},{"start":{},"end":{}}],"line":110},"12":{"loc":{"start":{"line":158,"column":16},"end":{"line":169,"column":17}},"type":"if","locations":[{"start":{"line":158,"column":16},"end":{"line":169,"column":17}},{"start":{"line":167,"column":23},"end":{"line":169,"column":17}}],"line":158},"13":{"loc":{"start":{"line":158,"column":20},"end":{"line":158,"column":41}},"type":"binary-expr","locations":[{"start":{"line":158,"column":20},"end":{"line":158,"column":26}},{"start":{"line":158,"column":30},"end":{"line":158,"column":41}}],"line":158},"14":{"loc":{"start":{"line":160,"column":24},"end":{"line":164,"column":30}},"type":"if","locations":[{"start":{"line":160,"column":24},"end":{"line":164,"column":30}},{"start":{},"end":{}}],"line":160},"15":{"loc":{"start":{"line":171,"column":16},"end":{"line":189,"column":17}},"type":"if","locations":[{"start":{"line":171,"column":16},"end":{"line":189,"column":17}},{"start":{},"end":{}}],"line":171},"16":{"loc":{"start":{"line":174,"column":24},"end":{"line":178,"column":30}},"type":"if","locations":[{"start":{"line":174,"column":24},"end":{"line":178,"column":30}},{"start":{},"end":{}}],"line":174},"17":{"loc":{"start":{"line":193,"column":16},"end":{"line":205,"column":17}},"type":"if","locations":[{"start":{"line":193,"column":16},"end":{"line":205,"column":17}},{"start":{},"end":{}}],"line":193},"18":{"loc":{"start":{"line":196,"column":24},"end":{"line":200,"column":30}},"type":"if","locations":[{"start":{"line":196,"column":24},"end":{"line":200,"column":30}},{"start":{},"end":{}}],"line":196}},"s":{"0":1,"1":1,"2":1,"3":1,"4":1,"5":3,"6":1,"7":2,"8":1,"9":1,"10":1,"11":0,"12":0,"13":0,"14":0,"15":0,"16":0,"17":0,"18":0,"19":0,"20":0,"21":0,"22":0,"23":0,"24":0,"25":0,"26":0,"27":0,"28":0,"29":0,"30":0,"31":0,"32":0,"33":0,"34":0,"35":0,"36":0,"37":0,"38":0,"39":0,"40":0,"41":0,"42":0,"43":0,"44":0,"45":0,"46":0,"47":0,"48":0,"49":0,"50":0,"51":0,"52":0,"53":0,"54":0,"55":0,"56":0,"57":0,"58":0,"59":0,"60":0,"61":0,"62":0,"63":0,"64":0,"65":0,"66":0,"67":0,"68":0,"69":0,"70":0,"71":0,"72":0,"73":0,"74":0,"75":0,"76":0,"77":0,"78":0,"79":0,"80":0,"81":0,"82":0,"83":0,"84":0,"85":0,"86":0,"87":0,"88":0,"89":0,"90":0,"91":0,"92":0,"93":0,"94":0,"95":0,"96":0,"97":0,"98":0,"99":0,"100":0,"101":0,"102":0,"103":0,"104":0,"105":0},"f":{"0":3,"1":0,"2":0,"3":0,"4":0,"5":0,"6":0,"7":0,"8":0,"9":0,"10":0,"11":0,"12":0,"13":0,"14":0},"b":{"0":[3],"1":[3],"2":[3],"3":[1,2],"4":[1,1],"5":[1,0],"6":[0,0],"7":[0,0],"8":[0,0],"9":[0,0],"10":[0,0],"11":[0,0],"12":[0,0],"13":[0,0],"14":[0,0],"15":[0,0],"16":[0,0],"17":[0,0],"18":[0,0]},"_coverageSchema":"1a1c01bbd47fc00a2c39e90264f33305004495a9","hash":"00e2c4fbb24e96a81262c51a4a160a302abd273c"}
}
