TN:
SF:index.js
FN:23,(anonymous_0)
FN:91,(anonymous_1)
FN:104,(anonymous_2)
FN:153,(anonymous_3)
FN:159,(anonymous_4)
FN:173,(anonymous_5)
FN:185,(anonymous_6)
FN:192,(anonymous_7)
FN:195,(anonymous_8)
FN:220,(anonymous_9)
FN:224,(anonymous_10)
FN:228,(anonymous_11)
FN:232,(anonymous_12)
FN:240,(anonymous_13)
FN:245,(anonymous_14)
FNF:15
FNH:1
FNDA:3,(anonymous_0)
FNDA:0,(anonymous_1)
FNDA:0,(anonymous_2)
FNDA:0,(anonymous_3)
FNDA:0,(anonymous_4)
FNDA:0,(anonymous_5)
FNDA:0,(anonymous_6)
FNDA:0,(anonymous_7)
FNDA:0,(anonymous_8)
FNDA:0,(anonymous_9)
FNDA:0,(anonymous_10)
FNDA:0,(anonymous_11)
FNDA:0,(anonymous_12)
FNDA:0,(anonymous_13)
FNDA:0,(anonymous_14)
DA:1,1
DA:2,1
DA:3,1
DA:4,1
DA:23,1
DA:33,3
DA:34,1
DA:36,2
DA:37,1
DA:39,1
DA:40,1
DA:42,0
DA:44,0
DA:45,0
DA:55,0
DA:56,0
DA:58,0
DA:60,0
DA:62,0
DA:63,0
DA:65,0
DA:66,0
DA:67,0
DA:69,0
DA:70,0
DA:77,0
DA:81,0
DA:82,0
DA:83,0
DA:84,0
DA:86,0
DA:91,0
DA:92,0
DA:93,0
DA:94,0
DA:95,0
DA:96,0
DA:97,0
DA:98,0
DA:99,0
DA:104,0
DA:105,0
DA:110,0
DA:111,0
DA:112,0
DA:117,0
DA:118,0
DA:122,0
DA:124,0
DA:134,0
DA:135,0
DA:136,0
DA:143,0
DA:146,0
DA:151,0
DA:153,0
DA:154,0
DA:156,0
DA:158,0
DA:159,0
DA:160,0
DA:161,0
DA:166,0
DA:168,0
DA:171,0
DA:172,0
DA:173,0
DA:174,0
DA:175,0
DA:181,0
DA:182,0
DA:183,0
DA:184,0
DA:185,0
DA:186,0
DA:188,0
DA:192,0
DA:193,0
DA:194,0
DA:195,0
DA:196,0
DA:197,0
DA:203,0
DA:204,0
DA:207,0
DA:208,0
DA:213,0
DA:214,0
DA:218,0
DA:220,0
DA:221,0
DA:224,0
DA:225,0
DA:228,0
DA:229,0
DA:232,0
DA:233,0
DA:234,0
DA:237,0
DA:240,0
DA:241,0
DA:245,0
DA:246,0
DA:249,0
DA:251,0
DA:252,0
LF:106
LH:11
BRDA:29,0,0,3
BRDA:30,1,0,3
BRDA:31,2,0,3
BRDA:33,3,0,1
BRDA:33,3,1,2
BRDA:36,4,0,1
BRDA:36,4,1,1
BRDA:39,5,0,1
BRDA:39,5,1,0
BRDA:69,6,0,0
BRDA:69,6,1,0
BRDA:93,7,0,0
BRDA:93,7,1,0
BRDA:94,8,0,0
BRDA:94,8,1,0
BRDA:96,9,0,0
BRDA:96,9,1,0
BRDA:98,10,0,0
BRDA:98,10,1,0
BRDA:110,11,0,0
BRDA:110,11,1,0
BRDA:158,12,0,0
BRDA:158,12,1,0
BRDA:158,13,0,0
BRDA:158,13,1,0
BRDA:160,14,0,0
BRDA:160,14,1,0
BRDA:171,15,0,0
BRDA:171,15,1,0
BRDA:174,16,0,0
BRDA:174,16,1,0
BRDA:193,17,0,0
BRDA:193,17,1,0
BRDA:196,18,0,0
BRDA:196,18,1,0
BRF:35
BRH:8
end_of_record
